g:\cortirovka\cortirovka\debug\cortirovka.pch
g:\cortirovka\cortirovka\debug\vc120.pdb
g:\cortirovka\cortirovka\debug\vc120.idb
g:\cortirovka\cortirovka\debug\stdafx.obj
g:\cortirovka\cortirovka\debug\cortirovka.obj
e:\cortirovka\cortirovka\debug\cortirovka.pch
e:\cortirovka\cortirovka\debug\vc120.pdb
e:\cortirovka\cortirovka\debug\vc120.idb
e:\cortirovka\cortirovka\debug\stdafx.obj
e:\cortirovka\cortirovka\debug\cortirovka.obj
g:\cortirovka\debug\cortirovka.ilk
g:\cortirovka\debug\cortirovka.exe
g:\cortirovka\debug\cortirovka.pdb
e:\cortirovka\debug\cortirovka.ilk
e:\cortirovka\debug\cortirovka.exe
e:\cortirovka\debug\cortirovka.pdb
e:\cortirovka\cortirovka\debug\cortirovka.tlog\cl.read.1.tlog
e:\cortirovka\cortirovka\debug\cortirovka.tlog\cl.write.1.tlog
e:\cortirovka\cortirovka\debug\cortirovka.tlog\cl.command.1.tlog
e:\cortirovka\cortirovka\debug\cortirovka.tlog\link.read.1.tlog
e:\cortirovka\cortirovka\debug\cortirovka.tlog\link.write.1.tlog
e:\cortirovka\cortirovka\debug\cortirovka.tlog\link.command.1.tlog
